 INFO 30920[JavaFX Application Thread] - SimulationDispatcher.changeState(SimulationDispatcher.java:89) - Changing state from STOP to ONEEVENT because Gui
 INFO 30928[pool-2-thread-1] - SimulationDispatcher.changeState(SimulationDispatcher.java:89) - Changing state from ONEEVENT to STOP because after one event
 INFO 31466[JavaFX Application Thread] - SimulationDispatcher.changeState(SimulationDispatcher.java:89) - Changing state from STOP to ONEEVENT because Gui
 INFO 31469[pool-2-thread-1] - SimulationDispatcher.changeState(SimulationDispatcher.java:89) - Changing state from ONEEVENT to STOP because after one event
 INFO 31678[JavaFX Application Thread] - SimulationDispatcher.changeState(SimulationDispatcher.java:89) - Changing state from STOP to ONEEVENT because Gui
 INFO 31680[pool-2-thread-1] - SimulationDispatcher.changeState(SimulationDispatcher.java:89) - Changing state from ONEEVENT to STOP because after one event
 INFO 31907[JavaFX Application Thread] - SimulationDispatcher.changeState(SimulationDispatcher.java:89) - Changing state from STOP to ONEEVENT because Gui
 INFO 31912[pool-2-thread-1] - SimulationDispatcher.changeState(SimulationDispatcher.java:89) - Changing state from ONEEVENT to STOP because after one event
 INFO 32153[JavaFX Application Thread] - SimulationDispatcher.changeState(SimulationDispatcher.java:89) - Changing state from STOP to ONEEVENT because Gui
 INFO 32154[pool-2-thread-1] - SimulationDispatcher.changeState(SimulationDispatcher.java:89) - Changing state from ONEEVENT to STOP because after one event
 INFO 32347[JavaFX Application Thread] - SimulationDispatcher.changeState(SimulationDispatcher.java:89) - Changing state from STOP to ONEEVENT because Gui
 INFO 32354[pool-2-thread-1] - SimulationDispatcher.changeState(SimulationDispatcher.java:89) - Changing state from ONEEVENT to STOP because after one event
 INFO 32567[JavaFX Application Thread] - SimulationDispatcher.changeState(SimulationDispatcher.java:89) - Changing state from STOP to ONEEVENT because Gui
 INFO 32574[pool-2-thread-1] - SimulationDispatcher.changeState(SimulationDispatcher.java:89) - Changing state from ONEEVENT to STOP because after one event
 INFO 32811[JavaFX Application Thread] - SimulationDispatcher.changeState(SimulationDispatcher.java:89) - Changing state from STOP to ONEEVENT because Gui
 INFO 32818[pool-2-thread-1] - SimulationDispatcher.changeState(SimulationDispatcher.java:89) - Changing state from ONEEVENT to STOP because after one event
 INFO 32991[JavaFX Application Thread] - SimulationDispatcher.changeState(SimulationDispatcher.java:89) - Changing state from STOP to ONEEVENT because Gui
 INFO 33001[pool-2-thread-1] - SimulationDispatcher.changeState(SimulationDispatcher.java:89) - Changing state from ONEEVENT to STOP because after one event
 INFO 33219[JavaFX Application Thread] - SimulationDispatcher.changeState(SimulationDispatcher.java:89) - Changing state from STOP to ONEEVENT because Gui
 INFO 33223[pool-2-thread-1] - SimulationDispatcher.changeState(SimulationDispatcher.java:89) - Changing state from ONEEVENT to STOP because after one event
 INFO 33423[JavaFX Application Thread] - SimulationDispatcher.changeState(SimulationDispatcher.java:89) - Changing state from STOP to ONEEVENT because Gui
 INFO 33432[pool-2-thread-1] - SimulationDispatcher.changeState(SimulationDispatcher.java:89) - Changing state from ONEEVENT to STOP because after one event
 INFO 33666[JavaFX Application Thread] - SimulationDispatcher.changeState(SimulationDispatcher.java:89) - Changing state from STOP to ONEEVENT because Gui
 INFO 33671[pool-2-thread-1] - SimulationDispatcher.changeState(SimulationDispatcher.java:89) - Changing state from ONEEVENT to STOP because after one event
 INFO 33846[JavaFX Application Thread] - SimulationDispatcher.changeState(SimulationDispatcher.java:89) - Changing state from STOP to ONEEVENT because Gui
 INFO 33856[pool-2-thread-1] - SimulationDispatcher.changeState(SimulationDispatcher.java:89) - Changing state from ONEEVENT to STOP because after one event
 INFO 34068[JavaFX Application Thread] - SimulationDispatcher.changeState(SimulationDispatcher.java:89) - Changing state from STOP to ONEEVENT because Gui
 INFO 34071[pool-2-thread-1] - SimulationDispatcher.changeState(SimulationDispatcher.java:89) - Changing state from ONEEVENT to STOP because after one event
 INFO 34295[JavaFX Application Thread] - SimulationDispatcher.changeState(SimulationDispatcher.java:89) - Changing state from STOP to ONEEVENT because Gui
 INFO 34305[pool-2-thread-1] - SimulationDispatcher.changeState(SimulationDispatcher.java:89) - Changing state from ONEEVENT to STOP because after one event
 INFO 34536[JavaFX Application Thread] - SimulationDispatcher.changeState(SimulationDispatcher.java:89) - Changing state from STOP to ONEEVENT because Gui
 INFO 34538[pool-2-thread-1] - SimulationDispatcher.changeState(SimulationDispatcher.java:89) - Changing state from ONEEVENT to STOP because after one event
 INFO 34727[JavaFX Application Thread] - SimulationDispatcher.changeState(SimulationDispatcher.java:89) - Changing state from STOP to ONEEVENT because Gui
 INFO 34734[pool-2-thread-1] - SimulationDispatcher.changeState(SimulationDispatcher.java:89) - Changing state from ONEEVENT to STOP because after one event
 INFO 34947[JavaFX Application Thread] - SimulationDispatcher.changeState(SimulationDispatcher.java:89) - Changing state from STOP to ONEEVENT because Gui
 INFO 34950[pool-2-thread-1] - SimulationDispatcher.changeState(SimulationDispatcher.java:89) - Changing state from ONEEVENT to STOP because after one event
 INFO 35182[JavaFX Application Thread] - SimulationDispatcher.changeState(SimulationDispatcher.java:89) - Changing state from STOP to ONEEVENT because Gui
 INFO 35186[pool-2-thread-1] - SimulationDispatcher.changeState(SimulationDispatcher.java:89) - Changing state from ONEEVENT to STOP because after one event
 INFO 35414[JavaFX Application Thread] - SimulationDispatcher.changeState(SimulationDispatcher.java:89) - Changing state from STOP to ONEEVENT because Gui
 INFO 35418[pool-2-thread-1] - SimulationDispatcher.changeState(SimulationDispatcher.java:89) - Changing state from ONEEVENT to STOP because after one event
 INFO 35632[JavaFX Application Thread] - SimulationDispatcher.changeState(SimulationDispatcher.java:89) - Changing state from STOP to ONEEVENT because Gui
 INFO 35638[pool-2-thread-1] - SimulationDispatcher.changeState(SimulationDispatcher.java:89) - Changing state from ONEEVENT to STOP because after one event
 INFO 35844[JavaFX Application Thread] - SimulationDispatcher.changeState(SimulationDispatcher.java:89) - Changing state from STOP to ONEEVENT because Gui
 INFO 35855[pool-2-thread-1] - SimulationDispatcher.changeState(SimulationDispatcher.java:89) - Changing state from ONEEVENT to STOP because after one event
 INFO 36094[JavaFX Application Thread] - SimulationDispatcher.changeState(SimulationDispatcher.java:89) - Changing state from STOP to ONEEVENT because Gui
 INFO 36103[pool-2-thread-1] - SimulationDispatcher.changeState(SimulationDispatcher.java:89) - Changing state from ONEEVENT to STOP because after one event
 INFO 36342[JavaFX Application Thread] - SimulationDispatcher.changeState(SimulationDispatcher.java:89) - Changing state from STOP to ONEEVENT because Gui
 INFO 36352[pool-2-thread-1] - SimulationDispatcher.changeState(SimulationDispatcher.java:89) - Changing state from ONEEVENT to STOP because after one event
 INFO 36538[JavaFX Application Thread] - SimulationDispatcher.changeState(SimulationDispatcher.java:89) - Changing state from STOP to ONEEVENT because Gui
 INFO 36550[pool-2-thread-1] - SimulationDispatcher.changeState(SimulationDispatcher.java:89) - Changing state from ONEEVENT to STOP because after one event
 INFO 36800[JavaFX Application Thread] - SimulationDispatcher.changeState(SimulationDispatcher.java:89) - Changing state from STOP to ONEEVENT because Gui
 INFO 36805[pool-2-thread-1] - SimulationDispatcher.changeState(SimulationDispatcher.java:89) - Changing state from ONEEVENT to STOP because after one event
 INFO 37011[JavaFX Application Thread] - SimulationDispatcher.changeState(SimulationDispatcher.java:89) - Changing state from STOP to ONEEVENT because Gui
 INFO 37020[pool-2-thread-1] - SimulationDispatcher.changeState(SimulationDispatcher.java:89) - Changing state from ONEEVENT to STOP because after one event
 INFO 37222[JavaFX Application Thread] - SimulationDispatcher.changeState(SimulationDispatcher.java:89) - Changing state from STOP to ONEEVENT because Gui
 INFO 37226[pool-2-thread-1] - SimulationDispatcher.changeState(SimulationDispatcher.java:89) - Changing state from ONEEVENT to STOP because after one event
 INFO 37435[JavaFX Application Thread] - SimulationDispatcher.changeState(SimulationDispatcher.java:89) - Changing state from STOP to ONEEVENT because Gui
 INFO 37439[pool-2-thread-1] - SimulationDispatcher.changeState(SimulationDispatcher.java:89) - Changing state from ONEEVENT to STOP because after one event
 INFO 37654[JavaFX Application Thread] - SimulationDispatcher.changeState(SimulationDispatcher.java:89) - Changing state from STOP to ONEEVENT because Gui
 INFO 37662[pool-2-thread-1] - SimulationDispatcher.changeState(SimulationDispatcher.java:89) - Changing state from ONEEVENT to STOP because after one event
 INFO 37858[JavaFX Application Thread] - SimulationDispatcher.changeState(SimulationDispatcher.java:89) - Changing state from STOP to ONEEVENT because Gui
 INFO 37870[pool-2-thread-1] - SimulationDispatcher.changeState(SimulationDispatcher.java:89) - Changing state from ONEEVENT to STOP because after one event
 INFO 38062[JavaFX Application Thread] - SimulationDispatcher.changeState(SimulationDispatcher.java:89) - Changing state from STOP to ONEEVENT because Gui
 INFO 38069[pool-2-thread-1] - SimulationDispatcher.changeState(SimulationDispatcher.java:89) - Changing state from ONEEVENT to STOP because after one event
 INFO 38355[JavaFX Application Thread] - SimulationDispatcher.changeState(SimulationDispatcher.java:89) - Changing state from STOP to ONEEVENT because Gui
 INFO 38361[pool-2-thread-1] - SimulationDispatcher.changeState(SimulationDispatcher.java:89) - Changing state from ONEEVENT to STOP because after one event
 INFO 38583[JavaFX Application Thread] - SimulationDispatcher.changeState(SimulationDispatcher.java:89) - Changing state from STOP to ONEEVENT because Gui
 INFO 38587[pool-2-thread-1] - SimulationDispatcher.changeState(SimulationDispatcher.java:89) - Changing state from ONEEVENT to STOP because after one event
 INFO 38796[JavaFX Application Thread] - SimulationDispatcher.changeState(SimulationDispatcher.java:89) - Changing state from STOP to ONEEVENT because Gui
 INFO 38800[pool-2-thread-1] - SimulationDispatcher.changeState(SimulationDispatcher.java:89) - Changing state from ONEEVENT to STOP because after one event
 INFO 39056[JavaFX Application Thread] - SimulationDispatcher.changeState(SimulationDispatcher.java:89) - Changing state from STOP to ONEEVENT because Gui
 INFO 39058[pool-2-thread-1] - SimulationDispatcher.changeState(SimulationDispatcher.java:89) - Changing state from ONEEVENT to STOP because after one event
 INFO 39252[JavaFX Application Thread] - SimulationDispatcher.changeState(SimulationDispatcher.java:89) - Changing state from STOP to ONEEVENT because Gui
 INFO 39262[pool-2-thread-1] - SimulationDispatcher.changeState(SimulationDispatcher.java:89) - Changing state from ONEEVENT to STOP because after one event
 INFO 39481[JavaFX Application Thread] - SimulationDispatcher.changeState(SimulationDispatcher.java:89) - Changing state from STOP to ONEEVENT because Gui
 INFO 39485[pool-2-thread-1] - SimulationDispatcher.changeState(SimulationDispatcher.java:89) - Changing state from ONEEVENT to STOP because after one event
 INFO 39702[JavaFX Application Thread] - SimulationDispatcher.changeState(SimulationDispatcher.java:89) - Changing state from STOP to ONEEVENT because Gui
 INFO 39704[pool-2-thread-1] - SimulationDispatcher.changeState(SimulationDispatcher.java:89) - Changing state from ONEEVENT to STOP because after one event
 INFO 39946[JavaFX Application Thread] - SimulationDispatcher.changeState(SimulationDispatcher.java:89) - Changing state from STOP to ONEEVENT because Gui
 INFO 39953[pool-2-thread-1] - SimulationDispatcher.changeState(SimulationDispatcher.java:89) - Changing state from ONEEVENT to STOP because after one event
 INFO 40254[JavaFX Application Thread] - SimulationDispatcher.changeState(SimulationDispatcher.java:89) - Changing state from STOP to ONEEVENT because Gui
 INFO 40262[pool-2-thread-1] - SimulationDispatcher.changeState(SimulationDispatcher.java:89) - Changing state from ONEEVENT to STOP because after one event
 INFO 40501[JavaFX Application Thread] - SimulationDispatcher.changeState(SimulationDispatcher.java:89) - Changing state from STOP to ONEEVENT because Gui
 INFO 40509[pool-2-thread-1] - SimulationDispatcher.changeState(SimulationDispatcher.java:89) - Changing state from ONEEVENT to STOP because after one event
 INFO 40710[JavaFX Application Thread] - SimulationDispatcher.changeState(SimulationDispatcher.java:89) - Changing state from STOP to ONEEVENT because Gui
 INFO 40720[pool-2-thread-1] - SimulationDispatcher.changeState(SimulationDispatcher.java:89) - Changing state from ONEEVENT to STOP because after one event
 INFO 40946[JavaFX Application Thread] - SimulationDispatcher.changeState(SimulationDispatcher.java:89) - Changing state from STOP to ONEEVENT because Gui
 INFO 40955[pool-2-thread-1] - SimulationDispatcher.changeState(SimulationDispatcher.java:89) - Changing state from ONEEVENT to STOP because after one event
 INFO 41171[JavaFX Application Thread] - SimulationDispatcher.changeState(SimulationDispatcher.java:89) - Changing state from STOP to ONEEVENT because Gui
 INFO 41180[pool-2-thread-1] - SimulationDispatcher.changeState(SimulationDispatcher.java:89) - Changing state from ONEEVENT to STOP because after one event
 INFO 41419[JavaFX Application Thread] - SimulationDispatcher.changeState(SimulationDispatcher.java:89) - Changing state from STOP to ONEEVENT because Gui
 INFO 41429[pool-2-thread-1] - SimulationDispatcher.changeState(SimulationDispatcher.java:89) - Changing state from ONEEVENT to STOP because after one event
 INFO 41644[JavaFX Application Thread] - SimulationDispatcher.changeState(SimulationDispatcher.java:89) - Changing state from STOP to ONEEVENT because Gui
 INFO 41654[pool-2-thread-1] - SimulationDispatcher.changeState(SimulationDispatcher.java:89) - Changing state from ONEEVENT to STOP because after one event
 INFO 41864[JavaFX Application Thread] - SimulationDispatcher.changeState(SimulationDispatcher.java:89) - Changing state from STOP to ONEEVENT because Gui
 INFO 41867[pool-2-thread-1] - SimulationDispatcher.changeState(SimulationDispatcher.java:89) - Changing state from ONEEVENT to STOP because after one event
 INFO 42125[JavaFX Application Thread] - SimulationDispatcher.changeState(SimulationDispatcher.java:89) - Changing state from STOP to ONEEVENT because Gui
 INFO 42133[pool-2-thread-1] - SimulationDispatcher.changeState(SimulationDispatcher.java:89) - Changing state from ONEEVENT to STOP because after one event
 INFO 42321[JavaFX Application Thread] - SimulationDispatcher.changeState(SimulationDispatcher.java:89) - Changing state from STOP to ONEEVENT because Gui
 INFO 42329[pool-2-thread-1] - SimulationDispatcher.changeState(SimulationDispatcher.java:89) - Changing state from ONEEVENT to STOP because after one event
 INFO 42577[JavaFX Application Thread] - SimulationDispatcher.changeState(SimulationDispatcher.java:89) - Changing state from STOP to ONEEVENT because Gui
 INFO 42586[pool-2-thread-1] - SimulationDispatcher.changeState(SimulationDispatcher.java:89) - Changing state from ONEEVENT to STOP because after one event
 INFO 43505[JavaFX Application Thread] - SimulationDispatcher.changeState(SimulationDispatcher.java:89) - Changing state from STOP to RUN because GUI
 INFO     0[main] - ServiceProvider.getService(ServiceProvider.java:43) - Creating service mabit.dispatcher.IDispatcher with mabit.dispatcher.SimulationDispatcher.SingleThreaderSimulationDispatcher
 INFO   372[main] - ServiceProvider.getService(ServiceProvider.java:43) - Creating service mabit.data.marketdata.IMarketDataService with mabit.data.marketdata.MarketDataService
 INFO   391[main] - ServiceProvider.getService(ServiceProvider.java:43) - Creating service mabit.time.ITimeManager with mabit.time.SimulationTimeManager
 INFO   425[main] - ServiceProvider.getService(ServiceProvider.java:43) - Creating service mabit.exchange.IExchangeInterface with mabit.exchange.ExchangeSimulator
 INFO   717[main] - EventBusFX.<init>(EventBusFX.java:20) - Creating EventBusFx
 INFO   717[main] - ServiceProvider.getService(ServiceProvider.java:43) - Creating service mabit.gui.javafx.controller.IEventBusFX with mabit.gui.javafx.controller.EventBusFX
 INFO   718[main] - ServiceProvider.getService(ServiceProvider.java:43) - Creating service mabit.dispatcher.IDispatcherFxBusBridge with mabit.dispatcher.DispatcherFXBusBridge
 INFO   722[main] - ServiceProvider.getService(ServiceProvider.java:43) - Creating service mabit.oms.order.Oms with mabit.oms.order.Oms
 INFO   723[main] - ServiceProvider.getService(ServiceProvider.java:43) - Creating service mabit.strategy.base.IStrategyInterface with mabit.strategy.base.TestStrategy
 INFO   999[main] - InstrumentStore.createInstrument(InstrumentStore.java:44) - Created instrument[0, "Sunderland", 56344]
 INFO  1005[main] - InstrumentStore.createInstrument(InstrumentStore.java:44) - Created instrument[1, "ManCity", 47999]
 INFO  1005[main] - InstrumentStore.createInstrument(InstrumentStore.java:44) - Created instrument[2, "TheDraw", 58805]
 INFO  3482[main] - QuoteFileLoader.readFile(QuoteFileLoader.java:42) - Loaded 63006 from 63970 lines
 INFO  4044[JavaFX Application Thread] - SimulPanelBuilder.<init>(SimulPanelBuilder.java:25) - SimulPanel loaded
